<?xml version="1.0" encoding="UTF-8"?>
<!-- Generated by org.testng.reporters.JUnitReportReporter -->
<testsuite name="com.SelProject.LaunchBrowser" tests="1" time="13.989" ignored="0" failures="0" timestamp="15 Sep 2017 11:53:44 GMT" skipped="0" hostname="abhy-ThinkPad-E470" errors="0">
  <testcase name="init" time="13.989" classname="com.SelProject.LaunchBrowser"/>
</testsuite> <!-- com.SelProject.LaunchBrowser -->
