<?xml version="1.0" encoding="UTF-8"?>
<!-- Generated by org.testng.reporters.JUnitReportReporter -->
<testsuite name="com.SelProject.LaunchBrowser" tests="1" time="33.859" ignored="0" failures="0" timestamp="15 Sep 2017 10:46:25 GMT" skipped="0" hostname="abhy-ThinkPad-E470" errors="0">
  <testcase name="init" time="33.859" classname="com.SelProject.LaunchBrowser"/>
</testsuite> <!-- com.SelProject.LaunchBrowser -->
